-------------------------------------------------------------------------------
Test set: TestSuite
-------------------------------------------------------------------------------
Tests run: 1, Failures: 1, Errors: 0, Skipped: 0, Time elapsed: 0.694 s <<< FAILURE! - in TestSuite
yandex.PictureDownloading.openPage  Time elapsed: 0.005 s  <<< FAILURE!
java.lang.NullPointerException
	at yandex.PictureDownloading.openPage(PictureDownloading.java:12)

